<?xml version="1.0" encoding="UTF-8"?>
<!-- Generated by org.testng.reporters.JUnitReportReporter -->
<testsuite hostname="LAPTOP-ROE2SMDR" failures="0" tests="1" name="com.w2a.testcases.FlipkartTest" time="26.717" errors="0" timestamp="31 Mar 2021 16:20:24 GMT">
  <testcase classname="com.w2a.testcases.FlipkartTest" name="flipkart" time="26.717"/>
</testsuite> <!-- com.w2a.testcases.FlipkartTest -->
